<?xml version="1.0" encoding="UTF-8"?>
<!-- Generated by org.testng.reporters.JUnitReportReporter -->
<testsuite skipped="0" hostname="HDC2-L-9227QQ2" name="mydemomdc7.grpngdemo" tests="6" failures="0" timestamp="14 May 2019 10:28:20 GMT" time="0.013" errors="1">
  <testcase name="addcart" time="0.000" classname="mydemomdc7.grpngdemo">
    <error type="org.testng.TestNGException" message="
Parameter &#039;trainer&#039; is required by @Test on method addcart but has not been marked @Optional or defined
in C:\Users\srinivas.godari\AppData\Local\Temp\testng-eclipse-1229335973\testng-customsuite.xml">
      <![CDATA[org.testng.TestNGException: 
Parameter 'trainer' is required by @Test on method addcart but has not been marked @Optional or defined
in C:\Users\srinivas.godari\AppData\Local\Temp\testng-eclipse-1229335973\testng-customsuite.xml
at org.testng.internal.Parameters.createParams(Parameters.java:290)
at org.testng.internal.Parameters.createParametersForMethod(Parameters.java:359)
at org.testng.internal.Parameters.createParameters(Parameters.java:620)
at org.testng.internal.Parameters.handleParameters(Parameters.java:769)
at org.testng.internal.ParameterHandler.handleParameters(ParameterHandler.java:49)
at org.testng.internal.ParameterHandler.createParameters(ParameterHandler.java:37)
at org.testng.internal.Invoker.invokeTestMethods(Invoker.java:923)
at org.testng.internal.TestMethodWorker.invokeTestMethods(TestMethodWorker.java:125)
at org.testng.internal.TestMethodWorker.run(TestMethodWorker.java:109)
at org.testng.TestRunner.privateRun(TestRunner.java:648)
at org.testng.TestRunner.run(TestRunner.java:505)
at org.testng.SuiteRunner.runTest(SuiteRunner.java:455)
at org.testng.SuiteRunner.runSequentially(SuiteRunner.java:450)
at org.testng.SuiteRunner.privateRun(SuiteRunner.java:415)
at org.testng.SuiteRunner.run(SuiteRunner.java:364)
at org.testng.SuiteRunnerWorker.runSuite(SuiteRunnerWorker.java:52)
at org.testng.SuiteRunnerWorker.run(SuiteRunnerWorker.java:84)
at org.testng.TestNG.runSuitesSequentially(TestNG.java:1208)
at org.testng.TestNG.runSuitesLocally(TestNG.java:1137)
at org.testng.TestNG.runSuites(TestNG.java:1049)
at org.testng.TestNG.run(TestNG.java:1017)
at org.testng.remote.AbstractRemoteTestNG.run(AbstractRemoteTestNG.java:114)
at org.testng.remote.RemoteTestNG.initAndRun(RemoteTestNG.java:251)
at org.testng.remote.RemoteTestNG.main(RemoteTestNG.java:77)
]]>
    </error>
  </testcase> <!-- addcart -->
  <testcase name="lgon" time="0.008" classname="mydemomdc7.grpngdemo"/>
  <testcase name="lgot" time="0.002" classname="mydemomdc7.grpngdemo"/>
  <testcase name="remvcart" time="0.001" classname="mydemomdc7.grpngdemo"/>
  <testcase name="pfrlupdate" time="0.001" classname="mydemomdc7.grpngdemo"/>
  <testcase name="regi" time="0.001" classname="mydemomdc7.grpngdemo"/>
</testsuite> <!-- mydemomdc7.grpngdemo -->
